c:\users\guillermo\desktop\practicas_arquitectura\arquitecturaskeleton\1_skeleton\1_skeleton\swalib-master\swalib_example\swalib_example\debug\vc143.pdb
c:\users\guillermo\desktop\practicas_arquitectura\arquitecturaskeleton\1_skeleton\1_skeleton\swalib-master\swalib_example\swalib_example\debug\vc143.idb
c:\users\guillermo\desktop\practicas_arquitectura\arquitecturaskeleton\1_skeleton\1_skeleton\swalib-master\swalib_example\swalib_example\debug\sys_win.obj
c:\users\guillermo\desktop\practicas_arquitectura\arquitecturaskeleton\1_skeleton\1_skeleton\swalib-master\swalib_example\swalib_example\debug\stdafx.obj
c:\users\guillermo\desktop\practicas_arquitectura\arquitecturaskeleton\1_skeleton\1_skeleton\swalib-master\swalib_example\swalib_example\debug\lodepng.obj
c:\users\guillermo\desktop\practicas_arquitectura\arquitecturaskeleton\1_skeleton\1_skeleton\swalib-master\swalib_example\swalib_example\debug\font.obj
c:\users\guillermo\desktop\practicas_arquitectura\arquitecturaskeleton\1_skeleton\1_skeleton\swalib-master\swalib_example\swalib_example\debug\example.obj
c:\users\guillermo\desktop\practicas_arquitectura\arquitecturaskeleton\1_skeleton\1_skeleton\swalib-master\swalib_example\swalib_example\debug\core.obj
c:\users\guillermo\desktop\practicas_arquitectura\arquitecturaskeleton\1_skeleton\1_skeleton\swalib-master\swalib_example\swalib_example\debug\ball.obj
c:\users\guillermo\desktop\practicas_arquitectura\arquitecturaskeleton\1_skeleton\1_skeleton\swalib-master\swalib_example\swalib_example\debug\internal.obj
c:\users\guillermo\desktop\practicas_arquitectura\arquitecturaskeleton\1_skeleton\1_skeleton\swalib-master\swalib_example\swalib_example\debug\render.obj
c:\users\guillermo\desktop\practicas_arquitectura\arquitecturaskeleton\1_skeleton\1_skeleton\swalib-master\swalib_example\swalib_example\debug\game.obj
c:\users\guillermo\desktop\practicas_arquitectura\arquitecturaskeleton\1_skeleton\1_skeleton\swalib-master\swalib_example\debug\swalib_example.exe
c:\users\guillermo\desktop\practicas_arquitectura\arquitecturaskeleton\1_skeleton\1_skeleton\swalib-master\swalib_example\swalib_example\debug\swalib_example.ilk
c:\users\guillermo\desktop\practicas_arquitectura\arquitecturaskeleton\1_skeleton\1_skeleton\swalib-master\swalib_example\debug\swalib_example.pdb
c:\users\guillermo\desktop\practicas_arquitectura\arquitecturaskeleton\1_skeleton\1_skeleton\swalib-master\swalib_example\swalib_example\debug\swalib_example.tlog\cl.command.1.tlog
c:\users\guillermo\desktop\practicas_arquitectura\arquitecturaskeleton\1_skeleton\1_skeleton\swalib-master\swalib_example\swalib_example\debug\swalib_example.tlog\cl.read.1.tlog
c:\users\guillermo\desktop\practicas_arquitectura\arquitecturaskeleton\1_skeleton\1_skeleton\swalib-master\swalib_example\swalib_example\debug\swalib_example.tlog\cl.write.1.tlog
c:\users\guillermo\desktop\practicas_arquitectura\arquitecturaskeleton\1_skeleton\1_skeleton\swalib-master\swalib_example\swalib_example\debug\swalib_example.tlog\link.command.1.tlog
c:\users\guillermo\desktop\practicas_arquitectura\arquitecturaskeleton\1_skeleton\1_skeleton\swalib-master\swalib_example\swalib_example\debug\swalib_example.tlog\link.read.1.tlog
c:\users\guillermo\desktop\practicas_arquitectura\arquitecturaskeleton\1_skeleton\1_skeleton\swalib-master\swalib_example\swalib_example\debug\swalib_example.tlog\link.write.1.tlog
